2025-10-12 00:09:13 - Starting SecurityLearningApplication v1.0.0 using Java 17.0.12 with PID 22724 (C:\java\Security02\target\security-learning-1.0.0.jar started by Win in C:\java\Security02)
2025-10-12 00:09:13 - The following 1 profile is active: "prod"
2025-10-12 00:09:13 - Bootstrapping Spring Data JPA repositories in DEFAULT mode.
2025-10-12 00:09:13 - Finished Spring Data repository scanning in 52 ms. Found 5 JPA repository interfaces.
2025-10-12 00:09:14 - Tomcat initialized with port 8080 (http)
2025-10-12 00:09:14 - Starting service [Tomcat]
2025-10-12 00:09:14 - Starting Servlet engine: [Apache Tomcat/10.1.24]
2025-10-12 00:09:14 - Initializing Spring embedded WebApplicationContext
2025-10-12 00:09:14 - Root WebApplicationContext: initialization completed in 1187 ms
2025-10-12 00:09:14 - HHH000204: Processing PersistenceUnitInfo [name: default]
2025-10-12 00:09:14 - HHH000412: Hibernate ORM core version 6.5.2.Final
2025-10-12 00:09:14 - HHH000026: Second-level cache disabled
2025-10-12 00:09:15 - No LoadTimeWeaver setup: ignoring JPA class transformer
2025-10-12 00:09:15 - HikariPool-1 - Starting...
2025-10-12 00:09:15 - HikariPool-1 - Added connection conn0: url=jdbc:h2:file:./prod-data/security-app user=SA
2025-10-12 00:09:15 - HikariPool-1 - Start completed.
2025-10-12 00:09:15 - HHH90000025: H2Dialect does not need to be specified explicitly using 'hibernate.dialect' (remove the property setting and it will be selected by default)
2025-10-12 00:09:15 - HHH000489: No JTA platform available (set 'hibernate.transaction.jta.platform' to enable JTA platform integration)
2025-10-12 00:09:15 - Initialized JPA EntityManagerFactory for persistence unit 'default'
2025-10-12 00:09:16 - spring.jpa.open-in-view is enabled by default. Therefore, database queries may be performed during view rendering. Explicitly configure spring.jpa.open-in-view to disable this warning
2025-10-12 00:09:16 - 

Using generated security password: 882062b5-dc20-4453-b04e-d1a452ebc9f4

This generated password is for development use only. Your security configuration must be updated before running your application in production.

2025-10-12 00:09:16 - Global AuthenticationManager configured with UserDetailsService bean with name inMemoryUserDetailsManager
2025-10-12 00:09:16 - Adding welcome page: class path resource [static/index.html]
2025-10-12 00:09:16 - Will secure any request with [org.springframework.security.web.session.DisableEncodeUrlFilter@10264cb0, org.springframework.security.web.context.request.async.WebAsyncManagerIntegrationFilter@19877453, org.springframework.security.web.context.SecurityContextHolderFilter@39a1c200, org.springframework.security.web.header.HeaderWriterFilter@30dd23e2, org.springframework.web.filter.CorsFilter@49bf5ec8, org.springframework.security.web.authentication.logout.LogoutFilter@72155315, main.security.JwtAuthenticationFilter@5feb8e9a, org.springframework.security.web.savedrequest.RequestCacheAwareFilter@160d68b8, org.springframework.security.web.servletapi.SecurityContextHolderAwareRequestFilter@793248d, org.springframework.security.web.authentication.AnonymousAuthenticationFilter@18174bd9, org.springframework.security.web.access.ExceptionTranslationFilter@202ba60a, org.springframework.security.web.access.intercept.AuthorizationFilter@54fbaa65]
2025-10-12 00:09:16 - Tomcat started on port 8080 (http) with context path '/'
2025-10-12 00:09:16 - Started SecurityLearningApplication in 4.147 seconds (process running for 4.547)
2025-10-12 00:09:22 - Initializing Spring DispatcherServlet 'dispatcherServlet'
2025-10-12 00:09:22 - Initializing Servlet 'dispatcherServlet'
2025-10-12 00:09:22 - Completed initialization in 1 ms
2025-10-12 00:11:51 - Closing JPA EntityManagerFactory for persistence unit 'default'
2025-10-12 00:11:51 - HikariPool-1 - Shutdown initiated...
2025-10-12 00:11:51 - HikariPool-1 - Shutdown completed.
2025-10-12 00:15:35 - Starting SecurityLearningApplication v1.0.0 using Java 17.0.12 with PID 3828 (C:\java\Security02\target\security-learning-1.0.0.jar started by Win in C:\java\Security02)
2025-10-12 00:15:35 - The following 1 profile is active: "prod"
2025-10-12 00:15:36 - Bootstrapping Spring Data JPA repositories in DEFAULT mode.
2025-10-12 00:15:36 - Finished Spring Data repository scanning in 53 ms. Found 5 JPA repository interfaces.
2025-10-12 00:15:36 - Tomcat initialized with port 8080 (http)
2025-10-12 00:15:36 - Starting service [Tomcat]
2025-10-12 00:15:36 - Starting Servlet engine: [Apache Tomcat/10.1.24]
2025-10-12 00:15:36 - Initializing Spring embedded WebApplicationContext
2025-10-12 00:15:36 - Root WebApplicationContext: initialization completed in 1251 ms
2025-10-12 00:15:37 - HHH000204: Processing PersistenceUnitInfo [name: default]
2025-10-12 00:15:37 - HHH000412: Hibernate ORM core version 6.5.2.Final
2025-10-12 00:15:37 - HHH000026: Second-level cache disabled
2025-10-12 00:15:37 - No LoadTimeWeaver setup: ignoring JPA class transformer
2025-10-12 00:15:37 - HikariPool-1 - Starting...
2025-10-12 00:15:37 - HikariPool-1 - Added connection conn0: url=jdbc:h2:file:./prod-data/security-app user=SA
2025-10-12 00:15:37 - HikariPool-1 - Start completed.
2025-10-12 00:15:37 - HHH90000025: H2Dialect does not need to be specified explicitly using 'hibernate.dialect' (remove the property setting and it will be selected by default)
2025-10-12 00:15:38 - HHH000489: No JTA platform available (set 'hibernate.transaction.jta.platform' to enable JTA platform integration)
2025-10-12 00:15:38 - Initialized JPA EntityManagerFactory for persistence unit 'default'
2025-10-12 00:15:38 - spring.jpa.open-in-view is enabled by default. Therefore, database queries may be performed during view rendering. Explicitly configure spring.jpa.open-in-view to disable this warning
2025-10-12 00:15:38 - 

Using generated security password: 042cdb42-11dc-4e55-8db0-5b5600ecd784

This generated password is for development use only. Your security configuration must be updated before running your application in production.

2025-10-12 00:15:38 - Global AuthenticationManager configured with UserDetailsService bean with name inMemoryUserDetailsManager
2025-10-12 00:15:39 - Adding welcome page: class path resource [static/index.html]
2025-10-12 00:15:39 - Will secure any request with [org.springframework.security.web.session.DisableEncodeUrlFilter@3054cdd3, org.springframework.security.web.context.request.async.WebAsyncManagerIntegrationFilter@755a4ef5, org.springframework.security.web.context.SecurityContextHolderFilter@1a3e8b68, org.springframework.security.web.header.HeaderWriterFilter@6414eb98, org.springframework.web.filter.CorsFilter@6eff05e7, org.springframework.security.web.authentication.logout.LogoutFilter@49bf5ec8, main.security.JwtAuthenticationFilter@66b3eab0, org.springframework.security.web.savedrequest.RequestCacheAwareFilter@fc6cac6, org.springframework.security.web.servletapi.SecurityContextHolderAwareRequestFilter@33efa7d4, org.springframework.security.web.authentication.AnonymousAuthenticationFilter@1002c49e, org.springframework.security.web.access.ExceptionTranslationFilter@1e65c4d, org.springframework.security.web.access.intercept.AuthorizationFilter@3b8ce72]
2025-10-12 00:15:39 - Exception encountered during context initialization - cancelling refresh attempt: org.springframework.context.ApplicationContextException: Failed to start bean 'webServerStartStop'
2025-10-12 00:15:39 - Closing JPA EntityManagerFactory for persistence unit 'default'
2025-10-12 00:15:39 - HikariPool-1 - Shutdown initiated...
2025-10-12 00:15:39 - HikariPool-1 - Shutdown completed.
2025-10-12 00:15:39 - 

Error starting ApplicationContext. To display the condition evaluation report re-run your application with 'debug' enabled.
2025-10-12 00:15:39 - 

***************************
APPLICATION FAILED TO START
***************************

Description:

Web server failed to start. Port 8080 was already in use.

Action:

Identify and stop the process that's listening on port 8080 or configure this application to listen on another port.

2025-10-12 00:15:56 - Starting SecurityLearningApplication v1.0.0 using Java 17.0.12 with PID 21832 (C:\java\Security02\target\security-learning-1.0.0.jar started by Win in C:\java\Security02)
2025-10-12 00:15:56 - The following 1 profile is active: "prod"
2025-10-12 00:15:57 - Bootstrapping Spring Data JPA repositories in DEFAULT mode.
2025-10-12 00:15:57 - Finished Spring Data repository scanning in 51 ms. Found 5 JPA repository interfaces.
2025-10-12 00:15:58 - Tomcat initialized with port 8080 (http)
2025-10-12 00:15:58 - Starting service [Tomcat]
2025-10-12 00:15:58 - Starting Servlet engine: [Apache Tomcat/10.1.24]
2025-10-12 00:15:58 - Initializing Spring embedded WebApplicationContext
2025-10-12 00:15:58 - Root WebApplicationContext: initialization completed in 1178 ms
2025-10-12 00:15:58 - HHH000204: Processing PersistenceUnitInfo [name: default]
2025-10-12 00:15:58 - HHH000412: Hibernate ORM core version 6.5.2.Final
2025-10-12 00:15:58 - HHH000026: Second-level cache disabled
2025-10-12 00:15:58 - No LoadTimeWeaver setup: ignoring JPA class transformer
2025-10-12 00:15:58 - HikariPool-1 - Starting...
2025-10-12 00:15:58 - HikariPool-1 - Added connection conn0: url=jdbc:h2:file:./prod-data/security-app user=SA
2025-10-12 00:15:58 - HikariPool-1 - Start completed.
2025-10-12 00:15:58 - HHH90000025: H2Dialect does not need to be specified explicitly using 'hibernate.dialect' (remove the property setting and it will be selected by default)
2025-10-12 00:15:59 - HHH000489: No JTA platform available (set 'hibernate.transaction.jta.platform' to enable JTA platform integration)
2025-10-12 00:15:59 - Initialized JPA EntityManagerFactory for persistence unit 'default'
2025-10-12 00:16:00 - spring.jpa.open-in-view is enabled by default. Therefore, database queries may be performed during view rendering. Explicitly configure spring.jpa.open-in-view to disable this warning
2025-10-12 00:16:00 - 

Using generated security password: 0100654c-4924-4ecb-9418-0a5c612c4cd3

This generated password is for development use only. Your security configuration must be updated before running your application in production.

2025-10-12 00:16:00 - Global AuthenticationManager configured with UserDetailsService bean with name inMemoryUserDetailsManager
2025-10-12 00:16:00 - Adding welcome page: class path resource [static/index.html]
2025-10-12 00:16:00 - Will secure any request with [org.springframework.security.web.session.DisableEncodeUrlFilter@3054cdd3, org.springframework.security.web.context.request.async.WebAsyncManagerIntegrationFilter@755a4ef5, org.springframework.security.web.context.SecurityContextHolderFilter@1a3e8b68, org.springframework.security.web.header.HeaderWriterFilter@6414eb98, org.springframework.web.filter.CorsFilter@6eff05e7, org.springframework.security.web.authentication.logout.LogoutFilter@49bf5ec8, main.security.JwtAuthenticationFilter@66b3eab0, org.springframework.security.web.savedrequest.RequestCacheAwareFilter@fc6cac6, org.springframework.security.web.servletapi.SecurityContextHolderAwareRequestFilter@33efa7d4, org.springframework.security.web.authentication.AnonymousAuthenticationFilter@1002c49e, org.springframework.security.web.access.ExceptionTranslationFilter@1e65c4d, org.springframework.security.web.access.intercept.AuthorizationFilter@3b8ce72]
2025-10-12 00:16:00 - Tomcat started on port 8080 (http) with context path '/'
2025-10-12 00:16:00 - Started SecurityLearningApplication in 4.207 seconds (process running for 4.606)
2025-10-12 00:19:54 - Closing JPA EntityManagerFactory for persistence unit 'default'
2025-10-12 00:19:54 - HikariPool-1 - Shutdown initiated...
2025-10-12 00:19:54 - HikariPool-1 - Shutdown completed.
2025-10-12 00:19:59 - Starting SecurityLearningApplication v1.0.0 using Java 17.0.12 with PID 6040 (C:\java\Security02\target\security-learning-1.0.0.jar started by Win in C:\java\Security02)
2025-10-12 00:19:59 - The following 1 profile is active: "prod"
2025-10-12 00:20:00 - Bootstrapping Spring Data JPA repositories in DEFAULT mode.
2025-10-12 00:20:00 - Finished Spring Data repository scanning in 45 ms. Found 5 JPA repository interfaces.
2025-10-12 00:20:00 - Tomcat initialized with port 8080 (http)
2025-10-12 00:20:00 - Starting service [Tomcat]
2025-10-12 00:20:00 - Starting Servlet engine: [Apache Tomcat/10.1.24]
2025-10-12 00:20:00 - Initializing Spring embedded WebApplicationContext
2025-10-12 00:20:00 - Root WebApplicationContext: initialization completed in 1239 ms
2025-10-12 00:20:00 - HHH000204: Processing PersistenceUnitInfo [name: default]
2025-10-12 00:20:00 - HHH000412: Hibernate ORM core version 6.5.2.Final
2025-10-12 00:20:00 - HHH000026: Second-level cache disabled
2025-10-12 00:20:01 - No LoadTimeWeaver setup: ignoring JPA class transformer
2025-10-12 00:20:01 - HikariPool-1 - Starting...
2025-10-12 00:20:01 - HikariPool-1 - Added connection conn0: url=jdbc:h2:file:./prod-data/security-app user=SA
2025-10-12 00:20:01 - HikariPool-1 - Start completed.
2025-10-12 00:20:01 - HHH90000025: H2Dialect does not need to be specified explicitly using 'hibernate.dialect' (remove the property setting and it will be selected by default)
2025-10-12 00:20:02 - HHH000489: No JTA platform available (set 'hibernate.transaction.jta.platform' to enable JTA platform integration)
2025-10-12 00:20:02 - Initialized JPA EntityManagerFactory for persistence unit 'default'
2025-10-12 00:20:02 - spring.jpa.open-in-view is enabled by default. Therefore, database queries may be performed during view rendering. Explicitly configure spring.jpa.open-in-view to disable this warning
2025-10-12 00:20:02 - 

Using generated security password: 2ac830f0-738d-4d5e-a343-2776416d4ba8

This generated password is for development use only. Your security configuration must be updated before running your application in production.

2025-10-12 00:20:02 - Global AuthenticationManager configured with UserDetailsService bean with name inMemoryUserDetailsManager
2025-10-12 00:20:02 - Adding welcome page: class path resource [static/index.html]
2025-10-12 00:20:02 - Will secure any request with [org.springframework.security.web.session.DisableEncodeUrlFilter@62eb918, org.springframework.security.web.context.request.async.WebAsyncManagerIntegrationFilter@21a462ce, org.springframework.security.web.context.SecurityContextHolderFilter@3d0697da, org.springframework.security.web.header.HeaderWriterFilter@5935eb9c, org.springframework.web.filter.CorsFilter@37e28b20, org.springframework.security.web.authentication.logout.LogoutFilter@2b8b5d9e, main.security.JwtAuthenticationFilter@564fc235, org.springframework.security.web.savedrequest.RequestCacheAwareFilter@723081a2, org.springframework.security.web.servletapi.SecurityContextHolderAwareRequestFilter@1e284d90, org.springframework.security.web.authentication.AnonymousAuthenticationFilter@31428f76, org.springframework.security.web.access.ExceptionTranslationFilter@352d3749, org.springframework.security.web.access.intercept.AuthorizationFilter@755a4ef5]
2025-10-12 00:20:03 - Tomcat started on port 8080 (http) with context path '/'
2025-10-12 00:20:03 - Started SecurityLearningApplication in 4.269 seconds (process running for 4.689)
2025-10-12 00:20:13 - Initializing Spring DispatcherServlet 'dispatcherServlet'
2025-10-12 00:20:13 - Initializing Servlet 'dispatcherServlet'
2025-10-12 00:20:13 - Completed initialization in 2 ms
2025-10-12 09:19:07 - Starting SecurityLearningApplication v1.0.0 using Java 17.0.12 with PID 4896 (C:\java\Security02\target\security-learning-1.0.0.jar started by Win in C:\java\Security02)
2025-10-12 09:19:07 - The following 1 profile is active: "prod"
2025-10-12 09:19:07 - Bootstrapping Spring Data JPA repositories in DEFAULT mode.
2025-10-12 09:19:07 - Finished Spring Data repository scanning in 46 ms. Found 5 JPA repository interfaces.
2025-10-12 09:19:08 - Tomcat initialized with port 8080 (http)
2025-10-12 09:19:08 - Starting service [Tomcat]
2025-10-12 09:19:08 - Starting Servlet engine: [Apache Tomcat/10.1.24]
2025-10-12 09:19:08 - Initializing Spring embedded WebApplicationContext
2025-10-12 09:19:08 - Root WebApplicationContext: initialization completed in 1295 ms
2025-10-12 09:19:08 - HHH000204: Processing PersistenceUnitInfo [name: default]
2025-10-12 09:19:08 - HHH000412: Hibernate ORM core version 6.5.2.Final
2025-10-12 09:19:08 - HHH000026: Second-level cache disabled
2025-10-12 09:19:09 - No LoadTimeWeaver setup: ignoring JPA class transformer
2025-10-12 09:19:09 - HikariPool-1 - Starting...
2025-10-12 09:19:09 - HikariPool-1 - Added connection conn0: url=jdbc:h2:file:./prod-data/security-app user=SA
2025-10-12 09:19:09 - HikariPool-1 - Start completed.
2025-10-12 09:19:09 - HHH90000025: H2Dialect does not need to be specified explicitly using 'hibernate.dialect' (remove the property setting and it will be selected by default)
2025-10-12 09:19:10 - HHH000489: No JTA platform available (set 'hibernate.transaction.jta.platform' to enable JTA platform integration)
2025-10-12 09:19:10 - Initialized JPA EntityManagerFactory for persistence unit 'default'
2025-10-12 09:19:10 - spring.jpa.open-in-view is enabled by default. Therefore, database queries may be performed during view rendering. Explicitly configure spring.jpa.open-in-view to disable this warning
2025-10-12 09:19:10 - 

Using generated security password: 4eee96b5-b20f-4fd1-b496-dfa5712e09bc

This generated password is for development use only. Your security configuration must be updated before running your application in production.

2025-10-12 09:19:10 - Global AuthenticationManager configured with UserDetailsService bean with name inMemoryUserDetailsManager
2025-10-12 09:19:10 - Adding welcome page: class path resource [static/index.html]
2025-10-12 09:19:10 - Will secure any request with [org.springframework.security.web.session.DisableEncodeUrlFilter@43e9a8a2, org.springframework.security.web.context.request.async.WebAsyncManagerIntegrationFilter@178617da, org.springframework.security.web.context.SecurityContextHolderFilter@a5df98c, org.springframework.security.web.header.HeaderWriterFilter@43d2c8e3, org.springframework.web.filter.CorsFilter@d408c5d, org.springframework.security.web.authentication.logout.LogoutFilter@2738a1fc, main.security.JwtAuthenticationFilter@3833897c, org.springframework.security.web.savedrequest.RequestCacheAwareFilter@d15f031, org.springframework.security.web.servletapi.SecurityContextHolderAwareRequestFilter@603a34e5, org.springframework.security.web.authentication.AnonymousAuthenticationFilter@74ed1d35, org.springframework.security.web.access.ExceptionTranslationFilter@58fadccb, org.springframework.security.web.access.intercept.AuthorizationFilter@2e9f5499]
2025-10-12 09:19:11 - Tomcat started on port 8080 (http) with context path '/'
2025-10-12 09:19:11 - Started SecurityLearningApplication in 4.595 seconds (process running for 5.131)
2025-10-12 09:19:44 - Initializing Spring DispatcherServlet 'dispatcherServlet'
2025-10-12 09:19:44 - Initializing Servlet 'dispatcherServlet'
2025-10-12 09:19:44 - Completed initialization in 1 ms
2025-10-12 09:40:20 - Closing JPA EntityManagerFactory for persistence unit 'default'
2025-10-12 09:40:20 - HikariPool-1 - Shutdown initiated...
2025-10-12 09:40:20 - HikariPool-1 - Shutdown completed.
2025-10-12 09:40:25 - Starting SecurityLearningApplication v1.0.0 using Java 17.0.12 with PID 16516 (C:\java\Security02\target\security-learning-1.0.0.jar started by Win in C:\java\Security02)
2025-10-12 09:40:25 - The following 1 profile is active: "prod"
2025-10-12 09:40:26 - Bootstrapping Spring Data JPA repositories in DEFAULT mode.
2025-10-12 09:40:26 - Finished Spring Data repository scanning in 55 ms. Found 5 JPA repository interfaces.
2025-10-12 09:40:27 - Tomcat initialized with port 8080 (http)
2025-10-12 09:40:27 - Starting service [Tomcat]
2025-10-12 09:40:27 - Starting Servlet engine: [Apache Tomcat/10.1.24]
2025-10-12 09:40:27 - Initializing Spring embedded WebApplicationContext
2025-10-12 09:40:27 - Root WebApplicationContext: initialization completed in 1294 ms
2025-10-12 09:40:27 - HHH000204: Processing PersistenceUnitInfo [name: default]
2025-10-12 09:40:27 - HHH000412: Hibernate ORM core version 6.5.2.Final
2025-10-12 09:40:27 - HHH000026: Second-level cache disabled
2025-10-12 09:40:27 - No LoadTimeWeaver setup: ignoring JPA class transformer
2025-10-12 09:40:27 - HikariPool-1 - Starting...
2025-10-12 09:40:28 - HikariPool-1 - Added connection conn0: url=jdbc:h2:file:./prod-data/security-app user=SA
2025-10-12 09:40:28 - HikariPool-1 - Start completed.
2025-10-12 09:40:28 - HHH90000025: H2Dialect does not need to be specified explicitly using 'hibernate.dialect' (remove the property setting and it will be selected by default)
2025-10-12 09:40:28 - HHH000489: No JTA platform available (set 'hibernate.transaction.jta.platform' to enable JTA platform integration)
2025-10-12 09:40:28 - Initialized JPA EntityManagerFactory for persistence unit 'default'
2025-10-12 09:40:29 - spring.jpa.open-in-view is enabled by default. Therefore, database queries may be performed during view rendering. Explicitly configure spring.jpa.open-in-view to disable this warning
2025-10-12 09:40:29 - 

Using generated security password: c84369e4-ffc2-4e8e-9c79-540ffbee2b2a

This generated password is for development use only. Your security configuration must be updated before running your application in production.

2025-10-12 09:40:29 - Global AuthenticationManager configured with UserDetailsService bean with name inMemoryUserDetailsManager
2025-10-12 09:40:29 - Adding welcome page: class path resource [static/index.html]
2025-10-12 09:40:29 - Will secure any request with [org.springframework.security.web.session.DisableEncodeUrlFilter@12d28106, org.springframework.security.web.context.request.async.WebAsyncManagerIntegrationFilter@6a3c1b56, org.springframework.security.web.context.SecurityContextHolderFilter@1e65c4d, org.springframework.security.web.header.HeaderWriterFilter@6731b6bd, org.springframework.web.filter.CorsFilter@3b8ce72, org.springframework.security.web.authentication.logout.LogoutFilter@54fbaa65, main.security.JwtAuthenticationFilter@6b35b0f4, org.springframework.security.web.savedrequest.RequestCacheAwareFilter@6414eb98, org.springframework.security.web.servletapi.SecurityContextHolderAwareRequestFilter@4b99f2ed, org.springframework.security.web.authentication.AnonymousAuthenticationFilter@3ce4eb42, org.springframework.security.web.access.ExceptionTranslationFilter@23a9400c, org.springframework.security.web.access.intercept.AuthorizationFilter@69e23e94]
2025-10-12 09:40:29 - Tomcat started on port 8080 (http) with context path '/'
2025-10-12 09:40:29 - Started SecurityLearningApplication in 4.356 seconds (process running for 4.771)
2025-10-12 09:40:59 - Initializing Spring DispatcherServlet 'dispatcherServlet'
2025-10-12 09:40:59 - Initializing Servlet 'dispatcherServlet'
2025-10-12 09:40:59 - Completed initialization in 1 ms
2025-10-12 09:54:11 - Closing JPA EntityManagerFactory for persistence unit 'default'
2025-10-12 09:54:11 - HikariPool-1 - Shutdown initiated...
2025-10-12 09:54:11 - HikariPool-1 - Shutdown completed.
2025-10-12 09:54:32 - Starting SecurityLearningApplication v1.0.0 using Java 17.0.12 with PID 26148 (C:\java\Security02\target\security-learning-1.0.0.jar started by Win in C:\java\Security02)
2025-10-12 09:54:32 - The following 1 profile is active: "prod"
2025-10-12 09:54:33 - Bootstrapping Spring Data JPA repositories in DEFAULT mode.
2025-10-12 09:54:33 - Finished Spring Data repository scanning in 56 ms. Found 5 JPA repository interfaces.
2025-10-12 09:54:34 - Tomcat initialized with port 8080 (http)
2025-10-12 09:54:34 - Starting service [Tomcat]
2025-10-12 09:54:34 - Starting Servlet engine: [Apache Tomcat/10.1.24]
2025-10-12 09:54:34 - Initializing Spring embedded WebApplicationContext
2025-10-12 09:54:34 - Root WebApplicationContext: initialization completed in 1535 ms
2025-10-12 09:54:34 - HHH000204: Processing PersistenceUnitInfo [name: default]
2025-10-12 09:54:34 - HHH000412: Hibernate ORM core version 6.5.2.Final
2025-10-12 09:54:34 - HHH000026: Second-level cache disabled
2025-10-12 09:54:35 - No LoadTimeWeaver setup: ignoring JPA class transformer
2025-10-12 09:54:35 - HikariPool-1 - Starting...
2025-10-12 09:54:35 - HikariPool-1 - Added connection conn0: url=jdbc:h2:file:C:/java/Security02/prod-data/prod-personnedb user=SA
2025-10-12 09:54:35 - HikariPool-1 - Start completed.
2025-10-12 09:54:35 - HHH90000025: H2Dialect does not need to be specified explicitly using 'hibernate.dialect' (remove the property setting and it will be selected by default)
2025-10-12 09:54:36 - HHH000489: No JTA platform available (set 'hibernate.transaction.jta.platform' to enable JTA platform integration)
2025-10-12 09:54:36 - Initialized JPA EntityManagerFactory for persistence unit 'default'
2025-10-12 09:54:36 - spring.jpa.open-in-view is enabled by default. Therefore, database queries may be performed during view rendering. Explicitly configure spring.jpa.open-in-view to disable this warning
2025-10-12 09:54:36 - 

Using generated security password: 15eb9c35-248a-4e68-8c5a-5c29dd6a2f9a

This generated password is for development use only. Your security configuration must be updated before running your application in production.

2025-10-12 09:54:36 - Global AuthenticationManager configured with UserDetailsService bean with name inMemoryUserDetailsManager
2025-10-12 09:54:36 - Adding welcome page: class path resource [static/index.html]
2025-10-12 09:54:36 - Will secure any request with [org.springframework.security.web.session.DisableEncodeUrlFilter@3a388769, org.springframework.security.web.context.request.async.WebAsyncManagerIntegrationFilter@3054cdd3, org.springframework.security.web.context.SecurityContextHolderFilter@352d3749, org.springframework.security.web.header.HeaderWriterFilter@6b888692, org.springframework.web.filter.CorsFilter@755a4ef5, org.springframework.security.web.authentication.logout.LogoutFilter@19877453, main.security.JwtAuthenticationFilter@7995a589, org.springframework.security.web.savedrequest.RequestCacheAwareFilter@5935eb9c, org.springframework.security.web.servletapi.SecurityContextHolderAwareRequestFilter@45a40353, org.springframework.security.web.authentication.AnonymousAuthenticationFilter@6eff05e7, org.springframework.security.web.access.ExceptionTranslationFilter@1f4fa465, org.springframework.security.web.access.intercept.AuthorizationFilter@6a3c1b56]
2025-10-12 09:54:37 - Tomcat started on port 8080 (http) with context path '/'
2025-10-12 09:54:37 - Started SecurityLearningApplication in 4.591 seconds (process running for 5.032)
2025-10-12 09:54:49 - Initializing Spring DispatcherServlet 'dispatcherServlet'
2025-10-12 09:54:49 - Initializing Servlet 'dispatcherServlet'
2025-10-12 09:54:49 - Completed initialization in 1 ms
2025-10-12 10:20:34 - Closing JPA EntityManagerFactory for persistence unit 'default'
2025-10-12 10:20:34 - HikariPool-1 - Shutdown initiated...
2025-10-12 10:20:34 - HikariPool-1 - Shutdown completed.
2025-10-12 10:20:49 - Starting SecurityLearningApplication v1.0.0 using Java 17.0.12 with PID 8788 (C:\java\Security02\target\security-learning-1.0.0.jar started by Win in C:\java\Security02)
2025-10-12 10:20:49 - The following 1 profile is active: "prod"
2025-10-12 10:20:50 - Bootstrapping Spring Data JPA repositories in DEFAULT mode.
2025-10-12 10:20:50 - Finished Spring Data repository scanning in 56 ms. Found 5 JPA repository interfaces.
2025-10-12 10:20:51 - Tomcat initialized with port 8080 (http)
2025-10-12 10:20:51 - Starting service [Tomcat]
2025-10-12 10:20:51 - Starting Servlet engine: [Apache Tomcat/10.1.24]
2025-10-12 10:20:51 - Initializing Spring embedded WebApplicationContext
2025-10-12 10:20:51 - Root WebApplicationContext: initialization completed in 1231 ms
2025-10-12 10:20:51 - HHH000204: Processing PersistenceUnitInfo [name: default]
2025-10-12 10:20:51 - HHH000412: Hibernate ORM core version 6.5.2.Final
2025-10-12 10:20:51 - HHH000026: Second-level cache disabled
2025-10-12 10:20:51 - No LoadTimeWeaver setup: ignoring JPA class transformer
2025-10-12 10:20:51 - HikariPool-1 - Starting...
2025-10-12 10:20:51 - HikariPool-1 - Added connection conn0: url=jdbc:h2:file:C:/java/Security02/prod-data/prod-personnedb user=SA
2025-10-12 10:20:51 - HikariPool-1 - Start completed.
2025-10-12 10:20:52 - HHH90000025: H2Dialect does not need to be specified explicitly using 'hibernate.dialect' (remove the property setting and it will be selected by default)
2025-10-12 10:20:52 - HHH000489: No JTA platform available (set 'hibernate.transaction.jta.platform' to enable JTA platform integration)
2025-10-12 10:20:52 - Initialized JPA EntityManagerFactory for persistence unit 'default'
2025-10-12 10:20:53 - spring.jpa.open-in-view is enabled by default. Therefore, database queries may be performed during view rendering. Explicitly configure spring.jpa.open-in-view to disable this warning
2025-10-12 10:20:53 - 

Using generated security password: bd7e6ba3-a2d9-42e0-9fe9-edac8ce45ef8

This generated password is for development use only. Your security configuration must be updated before running your application in production.

2025-10-12 10:20:53 - Global AuthenticationManager configured with UserDetailsService bean with name inMemoryUserDetailsManager
2025-10-12 10:20:53 - Adding welcome page: class path resource [static/index.html]
2025-10-12 10:20:53 - Will secure any request with [org.springframework.security.web.session.DisableEncodeUrlFilter@25134e01, org.springframework.security.web.context.request.async.WebAsyncManagerIntegrationFilter@12d28106, org.springframework.security.web.context.SecurityContextHolderFilter@1f4fa465, org.springframework.security.web.header.HeaderWriterFilter@793248d, org.springframework.web.filter.CorsFilter@6a3c1b56, org.springframework.security.web.authentication.logout.LogoutFilter@5d50e7f6, main.security.JwtAuthenticationFilter@3bc33ad9, org.springframework.security.web.savedrequest.RequestCacheAwareFilter@6b888692, org.springframework.security.web.servletapi.SecurityContextHolderAwareRequestFilter@3d0697da, org.springframework.security.web.authentication.AnonymousAuthenticationFilter@3b8ce72, org.springframework.security.web.access.ExceptionTranslationFilter@55589ef5, org.springframework.security.web.access.intercept.AuthorizationFilter@649a6d88]
2025-10-12 10:20:53 - Tomcat started on port 8080 (http) with context path '/'
2025-10-12 10:20:53 - Started SecurityLearningApplication in 4.203 seconds (process running for 4.624)
2025-10-12 10:20:58 - Initializing Spring DispatcherServlet 'dispatcherServlet'
2025-10-12 10:20:58 - Initializing Servlet 'dispatcherServlet'
2025-10-12 10:20:58 - Completed initialization in 0 ms
2025-10-12 10:21:50 - Closing JPA EntityManagerFactory for persistence unit 'default'
2025-10-12 10:21:50 - HikariPool-1 - Shutdown initiated...
2025-10-12 10:21:50 - HikariPool-1 - Shutdown completed.
2025-10-12 10:22:04 - Starting SecurityLearningApplication v1.0.0 using Java 17.0.12 with PID 6964 (C:\java\Security02\target\security-learning-1.0.0.jar started by Win in C:\java\Security02)
2025-10-12 10:22:04 - The following 1 profile is active: "prod"
2025-10-12 10:22:05 - Bootstrapping Spring Data JPA repositories in DEFAULT mode.
2025-10-12 10:22:05 - Finished Spring Data repository scanning in 49 ms. Found 5 JPA repository interfaces.
2025-10-12 10:22:06 - Tomcat initialized with port 8080 (http)
2025-10-12 10:22:06 - Starting service [Tomcat]
2025-10-12 10:22:06 - Starting Servlet engine: [Apache Tomcat/10.1.24]
2025-10-12 10:22:06 - Initializing Spring embedded WebApplicationContext
2025-10-12 10:22:06 - Root WebApplicationContext: initialization completed in 1255 ms
2025-10-12 10:22:06 - HHH000204: Processing PersistenceUnitInfo [name: default]
2025-10-12 10:22:06 - HHH000412: Hibernate ORM core version 6.5.2.Final
2025-10-12 10:22:06 - HHH000026: Second-level cache disabled
2025-10-12 10:22:06 - No LoadTimeWeaver setup: ignoring JPA class transformer
2025-10-12 10:22:06 - HikariPool-1 - Starting...
2025-10-12 10:22:07 - HikariPool-1 - Added connection conn0: url=jdbc:h2:file:C:/java/Security02/prod-data/prod-personnedb user=SA
2025-10-12 10:22:07 - HikariPool-1 - Start completed.
2025-10-12 10:22:07 - HHH90000025: H2Dialect does not need to be specified explicitly using 'hibernate.dialect' (remove the property setting and it will be selected by default)
2025-10-12 10:22:07 - HHH000489: No JTA platform available (set 'hibernate.transaction.jta.platform' to enable JTA platform integration)
2025-10-12 10:22:07 - Initialized JPA EntityManagerFactory for persistence unit 'default'
2025-10-12 10:22:08 - spring.jpa.open-in-view is enabled by default. Therefore, database queries may be performed during view rendering. Explicitly configure spring.jpa.open-in-view to disable this warning
2025-10-12 10:22:08 - 

Using generated security password: ed74d8b2-8dd0-41ab-a885-3c2e9897a94d

This generated password is for development use only. Your security configuration must be updated before running your application in production.

2025-10-12 10:22:08 - Global AuthenticationManager configured with UserDetailsService bean with name inMemoryUserDetailsManager
2025-10-12 10:22:08 - Adding welcome page: class path resource [static/index.html]
2025-10-12 10:22:08 - Will secure any request with [org.springframework.security.web.session.DisableEncodeUrlFilter@1002c49e, org.springframework.security.web.context.request.async.WebAsyncManagerIntegrationFilter@62eb918, org.springframework.security.web.context.SecurityContextHolderFilter@538d2308, org.springframework.security.web.header.HeaderWriterFilter@1a3e8b68, org.springframework.web.filter.CorsFilter@21a462ce, org.springframework.security.web.authentication.logout.LogoutFilter@18711946, main.security.JwtAuthenticationFilter@2fd05b15, org.springframework.security.web.savedrequest.RequestCacheAwareFilter@4b99f2ed, org.springframework.security.web.servletapi.SecurityContextHolderAwareRequestFilter@50b78155, org.springframework.security.web.authentication.AnonymousAuthenticationFilter@37e28b20, org.springframework.security.web.access.ExceptionTranslationFilter@61a17f3, org.springframework.security.web.access.intercept.AuthorizationFilter@3054cdd3]
2025-10-12 10:22:08 - Tomcat started on port 8080 (http) with context path '/'
2025-10-12 10:22:08 - Started SecurityLearningApplication in 4.297 seconds (process running for 4.724)
2025-10-12 10:22:41 - Initializing Spring DispatcherServlet 'dispatcherServlet'
2025-10-12 10:22:41 - Initializing Servlet 'dispatcherServlet'
2025-10-12 10:22:41 - Completed initialization in 1 ms
2025-10-12 12:58:38 - Starting SecurityLearningApplication v1.0.0 using Java 17.0.12 with PID 22180 (C:\java\Security02\target\security-learning-1.0.0.jar started by Win in C:\java\Security02)
2025-10-12 12:58:38 - The following 1 profile is active: "prod"
2025-10-12 12:58:38 - Bootstrapping Spring Data JPA repositories in DEFAULT mode.
2025-10-12 12:58:38 - Finished Spring Data repository scanning in 51 ms. Found 5 JPA repository interfaces.
2025-10-12 12:58:39 - Tomcat initialized with port 8080 (http)
2025-10-12 12:58:39 - Starting service [Tomcat]
2025-10-12 12:58:39 - Starting Servlet engine: [Apache Tomcat/10.1.24]
2025-10-12 12:58:39 - Initializing Spring embedded WebApplicationContext
2025-10-12 12:58:39 - Root WebApplicationContext: initialization completed in 1278 ms
2025-10-12 12:58:39 - HHH000204: Processing PersistenceUnitInfo [name: default]
2025-10-12 12:58:39 - HHH000412: Hibernate ORM core version 6.5.2.Final
2025-10-12 12:58:39 - HHH000026: Second-level cache disabled
2025-10-12 12:58:39 - No LoadTimeWeaver setup: ignoring JPA class transformer
2025-10-12 12:58:40 - HikariPool-1 - Starting...
2025-10-12 12:58:40 - HikariPool-1 - Added connection conn0: url=jdbc:h2:file:C:/java/Security02/prod-data/prod-personnedb user=SA
2025-10-12 12:58:40 - HikariPool-1 - Start completed.
2025-10-12 12:58:40 - HHH90000025: H2Dialect does not need to be specified explicitly using 'hibernate.dialect' (remove the property setting and it will be selected by default)
2025-10-12 12:58:40 - HHH000489: No JTA platform available (set 'hibernate.transaction.jta.platform' to enable JTA platform integration)
2025-10-12 12:58:41 - Initialized JPA EntityManagerFactory for persistence unit 'default'
2025-10-12 12:58:41 - spring.jpa.open-in-view is enabled by default. Therefore, database queries may be performed during view rendering. Explicitly configure spring.jpa.open-in-view to disable this warning
2025-10-12 12:58:41 - 

Using generated security password: c6d85afb-48da-435e-85b0-a6f6e198fc8b

This generated password is for development use only. Your security configuration must be updated before running your application in production.

2025-10-12 12:58:41 - Global AuthenticationManager configured with UserDetailsService bean with name inMemoryUserDetailsManager
2025-10-12 12:58:41 - Adding welcome page: class path resource [static/index.html]
2025-10-12 12:58:41 - Will secure any request with [org.springframework.security.web.session.DisableEncodeUrlFilter@21a462ce, org.springframework.security.web.context.request.async.WebAsyncManagerIntegrationFilter@37e28b20, org.springframework.security.web.context.SecurityContextHolderFilter@4b99f2ed, org.springframework.security.web.header.HeaderWriterFilter@fc6cac6, org.springframework.web.filter.CorsFilter@31428f76, org.springframework.security.web.authentication.logout.LogoutFilter@9e092b5, main.security.JwtAuthenticationFilter@65b7678a, org.springframework.security.web.savedrequest.RequestCacheAwareFilter@481f698f, org.springframework.security.web.servletapi.SecurityContextHolderAwareRequestFilter@61c11339, org.springframework.security.web.authentication.AnonymousAuthenticationFilter@4257163f, org.springframework.security.web.access.ExceptionTranslationFilter@1a3e8b68, org.springframework.security.web.access.intercept.AuthorizationFilter@6eff05e7]
2025-10-12 12:58:41 - Tomcat started on port 8080 (http) with context path '/'
2025-10-12 12:58:42 - Started SecurityLearningApplication in 4.424 seconds (process running for 4.86)
2025-10-12 12:58:52 - Initializing Spring DispatcherServlet 'dispatcherServlet'
2025-10-12 12:58:52 - Initializing Servlet 'dispatcherServlet'
2025-10-12 12:58:52 - Completed initialization in 0 ms
2025-10-12 13:08:04 - Closing JPA EntityManagerFactory for persistence unit 'default'
2025-10-12 13:08:04 - HikariPool-1 - Shutdown initiated...
2025-10-12 13:08:04 - HikariPool-1 - Shutdown completed.
2025-10-12 13:08:18 - Starting SecurityLearningApplication v1.0.0 using Java 17.0.12 with PID 13380 (C:\java\Security02\target\security-learning-1.0.0.jar started by Win in C:\java\Security02)
2025-10-12 13:08:18 - The following 1 profile is active: "prod"
2025-10-12 13:08:19 - Bootstrapping Spring Data JPA repositories in DEFAULT mode.
2025-10-12 13:08:19 - Finished Spring Data repository scanning in 57 ms. Found 5 JPA repository interfaces.
2025-10-12 13:08:19 - Tomcat initialized with port 8080 (http)
2025-10-12 13:08:19 - Starting service [Tomcat]
2025-10-12 13:08:19 - Starting Servlet engine: [Apache Tomcat/10.1.24]
2025-10-12 13:08:19 - Initializing Spring embedded WebApplicationContext
2025-10-12 13:08:19 - Root WebApplicationContext: initialization completed in 1366 ms
2025-10-12 13:08:19 - HHH000204: Processing PersistenceUnitInfo [name: default]
2025-10-12 13:08:19 - HHH000412: Hibernate ORM core version 6.5.2.Final
2025-10-12 13:08:20 - HHH000026: Second-level cache disabled
2025-10-12 13:08:20 - No LoadTimeWeaver setup: ignoring JPA class transformer
2025-10-12 13:08:20 - HikariPool-1 - Starting...
2025-10-12 13:08:20 - HikariPool-1 - Added connection conn0: url=jdbc:h2:file:C:/java/Security02/prod-data/prod-personnedb user=SA
2025-10-12 13:08:20 - HikariPool-1 - Start completed.
2025-10-12 13:08:20 - HHH90000025: H2Dialect does not need to be specified explicitly using 'hibernate.dialect' (remove the property setting and it will be selected by default)
2025-10-12 13:08:21 - HHH000489: No JTA platform available (set 'hibernate.transaction.jta.platform' to enable JTA platform integration)
2025-10-12 13:08:21 - Initialized JPA EntityManagerFactory for persistence unit 'default'
2025-10-12 13:08:21 - spring.jpa.open-in-view is enabled by default. Therefore, database queries may be performed during view rendering. Explicitly configure spring.jpa.open-in-view to disable this warning
2025-10-12 13:08:21 - 

Using generated security password: 56c9bfbc-7f3f-4752-9d36-01197e518918

This generated password is for development use only. Your security configuration must be updated before running your application in production.

2025-10-12 13:08:21 - Global AuthenticationManager configured with UserDetailsService bean with name inMemoryUserDetailsManager
2025-10-12 13:08:22 - Adding welcome page: class path resource [static/index.html]
2025-10-12 13:08:22 - Will secure any request with [org.springframework.security.web.session.DisableEncodeUrlFilter@3ce4eb42, org.springframework.security.web.context.request.async.WebAsyncManagerIntegrationFilter@3a388769, org.springframework.security.web.context.SecurityContextHolderFilter@61a17f3, org.springframework.security.web.header.HeaderWriterFilter@1e65c4d, org.springframework.web.filter.CorsFilter@3054cdd3, org.springframework.security.web.authentication.logout.LogoutFilter@10264cb0, main.security.JwtAuthenticationFilter@3fe11091, org.springframework.security.web.savedrequest.RequestCacheAwareFilter@1a3e8b68, org.springframework.security.web.servletapi.SecurityContextHolderAwareRequestFilter@41ae9f11, org.springframework.security.web.authentication.AnonymousAuthenticationFilter@755a4ef5, org.springframework.security.web.access.ExceptionTranslationFilter@768f2398, org.springframework.security.web.access.intercept.AuthorizationFilter@12d28106]
2025-10-12 13:08:22 - Tomcat started on port 8080 (http) with context path '/'
2025-10-12 13:08:22 - Started SecurityLearningApplication in 4.695 seconds (process running for 5.211)
2025-10-12 13:08:27 - Initializing Spring DispatcherServlet 'dispatcherServlet'
2025-10-12 13:08:27 - Initializing Servlet 'dispatcherServlet'
2025-10-12 13:08:27 - Completed initialization in 1 ms
2025-10-12 13:12:34 - Closing JPA EntityManagerFactory for persistence unit 'default'
2025-10-12 13:12:34 - HikariPool-1 - Shutdown initiated...
2025-10-12 13:12:34 - HikariPool-1 - Shutdown completed.
2025-10-12 13:13:09 - Starting SecurityLearningApplication v1.0.0 using Java 17.0.12 with PID 22880 (C:\java\Security02\target\security-learning-1.0.0.jar started by Win in C:\java\Security02)
2025-10-12 13:13:09 - The following 1 profile is active: "prod"
2025-10-12 13:13:10 - Bootstrapping Spring Data JPA repositories in DEFAULT mode.
2025-10-12 13:13:10 - Finished Spring Data repository scanning in 57 ms. Found 5 JPA repository interfaces.
2025-10-12 13:13:11 - Tomcat initialized with port 8080 (http)
2025-10-12 13:13:11 - Starting service [Tomcat]
2025-10-12 13:13:11 - Starting Servlet engine: [Apache Tomcat/10.1.24]
2025-10-12 13:13:11 - Initializing Spring embedded WebApplicationContext
2025-10-12 13:13:11 - Root WebApplicationContext: initialization completed in 1430 ms
2025-10-12 13:13:11 - HHH000204: Processing PersistenceUnitInfo [name: default]
2025-10-12 13:13:11 - HHH000412: Hibernate ORM core version 6.5.2.Final
2025-10-12 13:13:11 - HHH000026: Second-level cache disabled
2025-10-12 13:13:11 - No LoadTimeWeaver setup: ignoring JPA class transformer
2025-10-12 13:13:11 - HikariPool-1 - Starting...
2025-10-12 13:13:12 - HikariPool-1 - Added connection conn0: url=jdbc:h2:file:C:/java/Security02/prod-data/prod-personnedb user=SA
2025-10-12 13:13:12 - HikariPool-1 - Start completed.
2025-10-12 13:13:12 - HHH90000025: H2Dialect does not need to be specified explicitly using 'hibernate.dialect' (remove the property setting and it will be selected by default)
2025-10-12 13:13:12 - HHH000489: No JTA platform available (set 'hibernate.transaction.jta.platform' to enable JTA platform integration)
2025-10-12 13:13:12 - Initialized JPA EntityManagerFactory for persistence unit 'default'
2025-10-12 13:13:13 - spring.jpa.open-in-view is enabled by default. Therefore, database queries may be performed during view rendering. Explicitly configure spring.jpa.open-in-view to disable this warning
2025-10-12 13:13:13 - 

Using generated security password: c6bb45f8-65a4-409c-8219-d7caf826ba94

This generated password is for development use only. Your security configuration must be updated before running your application in production.

2025-10-12 13:13:13 - Global AuthenticationManager configured with UserDetailsService bean with name inMemoryUserDetailsManager
2025-10-12 13:13:13 - Adding welcome page: class path resource [static/index.html]
2025-10-12 13:13:13 - Will secure any request with [org.springframework.security.web.session.DisableEncodeUrlFilter@62eb918, org.springframework.security.web.context.request.async.WebAsyncManagerIntegrationFilter@21a462ce, org.springframework.security.web.context.SecurityContextHolderFilter@3d0697da, org.springframework.security.web.header.HeaderWriterFilter@5935eb9c, org.springframework.web.filter.CorsFilter@37e28b20, org.springframework.security.web.authentication.logout.LogoutFilter@2b8b5d9e, main.security.JwtAuthenticationFilter@564fc235, org.springframework.security.web.savedrequest.RequestCacheAwareFilter@723081a2, org.springframework.security.web.servletapi.SecurityContextHolderAwareRequestFilter@1e284d90, org.springframework.security.web.authentication.AnonymousAuthenticationFilter@31428f76, org.springframework.security.web.access.ExceptionTranslationFilter@352d3749, org.springframework.security.web.access.intercept.AuthorizationFilter@755a4ef5]
2025-10-12 13:13:13 - Tomcat started on port 8080 (http) with context path '/'
2025-10-12 13:13:13 - Started SecurityLearningApplication in 4.953 seconds (process running for 5.382)
2025-10-12 13:14:19 - Initializing Spring DispatcherServlet 'dispatcherServlet'
2025-10-12 13:14:19 - Initializing Servlet 'dispatcherServlet'
2025-10-12 13:14:19 - Completed initialization in 1 ms
2025-10-12 13:24:07 - Closing JPA EntityManagerFactory for persistence unit 'default'
2025-10-12 13:24:07 - HikariPool-1 - Shutdown initiated...
2025-10-12 13:24:07 - HikariPool-1 - Shutdown completed.
2025-10-12 13:24:20 - Starting SecurityLearningApplication v1.0.0 using Java 17.0.12 with PID 21200 (C:\java\Security02\target\security-learning-1.0.0.jar started by Win in C:\java\Security02)
2025-10-12 13:24:20 - The following 1 profile is active: "prod"
2025-10-12 13:24:21 - Bootstrapping Spring Data JPA repositories in DEFAULT mode.
2025-10-12 13:24:21 - Finished Spring Data repository scanning in 60 ms. Found 5 JPA repository interfaces.
2025-10-12 13:24:21 - Tomcat initialized with port 8080 (http)
2025-10-12 13:24:21 - Starting service [Tomcat]
2025-10-12 13:24:21 - Starting Servlet engine: [Apache Tomcat/10.1.24]
2025-10-12 13:24:21 - Initializing Spring embedded WebApplicationContext
2025-10-12 13:24:21 - Root WebApplicationContext: initialization completed in 1285 ms
2025-10-12 13:24:22 - HHH000204: Processing PersistenceUnitInfo [name: default]
2025-10-12 13:24:22 - HHH000412: Hibernate ORM core version 6.5.2.Final
2025-10-12 13:24:22 - HHH000026: Second-level cache disabled
2025-10-12 13:24:22 - No LoadTimeWeaver setup: ignoring JPA class transformer
2025-10-12 13:24:22 - HikariPool-1 - Starting...
2025-10-12 13:24:22 - HikariPool-1 - Added connection conn0: url=jdbc:h2:file:C:/java/Security02/prod-data/prod-personnedb user=SA
2025-10-12 13:24:22 - HikariPool-1 - Start completed.
2025-10-12 13:24:22 - HHH90000025: H2Dialect does not need to be specified explicitly using 'hibernate.dialect' (remove the property setting and it will be selected by default)
2025-10-12 13:24:23 - HHH000489: No JTA platform available (set 'hibernate.transaction.jta.platform' to enable JTA platform integration)
2025-10-12 13:24:23 - Initialized JPA EntityManagerFactory for persistence unit 'default'
2025-10-12 13:24:23 - spring.jpa.open-in-view is enabled by default. Therefore, database queries may be performed during view rendering. Explicitly configure spring.jpa.open-in-view to disable this warning
2025-10-12 13:24:23 - 

Using generated security password: 1f52edb6-49bc-441a-9c86-6c8f25c8c4fe

This generated password is for development use only. Your security configuration must be updated before running your application in production.

2025-10-12 13:24:23 - Global AuthenticationManager configured with UserDetailsService bean with name inMemoryUserDetailsManager
2025-10-12 13:24:24 - Adding welcome page: class path resource [static/index.html]
2025-10-12 13:24:24 - Will secure any request with [org.springframework.security.web.session.DisableEncodeUrlFilter@62eb918, org.springframework.security.web.context.request.async.WebAsyncManagerIntegrationFilter@21a462ce, org.springframework.security.web.context.SecurityContextHolderFilter@3d0697da, org.springframework.security.web.header.HeaderWriterFilter@5935eb9c, org.springframework.web.filter.CorsFilter@37e28b20, org.springframework.security.web.authentication.logout.LogoutFilter@2b8b5d9e, main.security.JwtAuthenticationFilter@564fc235, org.springframework.security.web.savedrequest.RequestCacheAwareFilter@723081a2, org.springframework.security.web.servletapi.SecurityContextHolderAwareRequestFilter@1e284d90, org.springframework.security.web.authentication.AnonymousAuthenticationFilter@31428f76, org.springframework.security.web.access.ExceptionTranslationFilter@352d3749, org.springframework.security.web.access.intercept.AuthorizationFilter@755a4ef5]
2025-10-12 13:24:24 - Tomcat started on port 8080 (http) with context path '/'
2025-10-12 13:24:24 - Started SecurityLearningApplication in 4.394 seconds (process running for 4.818)
2025-10-12 13:24:27 - Initializing Spring DispatcherServlet 'dispatcherServlet'
2025-10-12 13:24:27 - Initializing Servlet 'dispatcherServlet'
2025-10-12 13:24:27 - Completed initialization in 1 ms
2025-10-12 13:50:45 - Closing JPA EntityManagerFactory for persistence unit 'default'
2025-10-12 13:50:45 - HikariPool-1 - Shutdown initiated...
2025-10-12 13:50:45 - HikariPool-1 - Shutdown completed.
